2024-04-17 19:55:37 info: Connected to the database
2024-04-17 19:55:37 info: Movies api listening at http://localhost:3000
2024-04-17 19:56:36 info: Connected to the database
2024-04-17 19:56:36 info: Movies api listening at http://localhost:3000
2024-04-17 19:57:34 info: Connected to the database
2024-04-17 19:57:34 info: Movies api listening at http://localhost:3000
2024-04-17 19:57:52 info: Connected to the database
2024-04-17 19:57:52 info: Movies api listening at http://localhost:3000
2024-04-17 19:58:01 info: Connected to the database
2024-04-17 19:58:01 info: Movies api listening at http://localhost:3000
2024-04-17 19:58:07 info: Connected to the database
2024-04-17 19:58:07 info: Movies api listening at http://localhost:3000
2024-04-17 20:01:27 info: Connected to the database
2024-04-17 20:01:27 info: Movies api listening at http://localhost:3000
2024-04-17 20:01:51 info: Connected to the database
2024-04-17 20:01:51 info: Movies api listening at http://localhost:3000
2024-04-17 20:02:03 error: uuidv4 is not defined
ReferenceError: uuidv4 is not defined
    at file:///Users/lerka/Desktop/movies/app.js:13:3
    at Layer.handle [as handle_request] (/Users/lerka/Desktop/movies/node_modules/express/lib/router/layer.js:95:5)
    at next (/Users/lerka/Desktop/movies/node_modules/express/lib/router/route.js:149:13)
    at next (/Users/lerka/Desktop/movies/node_modules/express/lib/router/route.js:145:7)
    at next (/Users/lerka/Desktop/movies/node_modules/express/lib/router/route.js:145:7)
    at next (/Users/lerka/Desktop/movies/node_modules/express/lib/router/route.js:145:7)
    at next (/Users/lerka/Desktop/movies/node_modules/express/lib/router/route.js:145:7)
    at next (/Users/lerka/Desktop/movies/node_modules/express/lib/router/route.js:145:7)
    at next (/Users/lerka/Desktop/movies/node_modules/express/lib/router/route.js:145:7)
    at Route.dispatch (/Users/lerka/Desktop/movies/node_modules/express/lib/router/route.js:119:3)
2024-04-17 20:02:04 error: uuidv4 is not defined
ReferenceError: uuidv4 is not defined
    at file:///Users/lerka/Desktop/movies/app.js:13:3
    at Layer.handle [as handle_request] (/Users/lerka/Desktop/movies/node_modules/express/lib/router/layer.js:95:5)
    at next (/Users/lerka/Desktop/movies/node_modules/express/lib/router/route.js:149:13)
    at next (/Users/lerka/Desktop/movies/node_modules/express/lib/router/route.js:145:7)
    at next (/Users/lerka/Desktop/movies/node_modules/express/lib/router/route.js:145:7)
    at next (/Users/lerka/Desktop/movies/node_modules/express/lib/router/route.js:145:7)
    at next (/Users/lerka/Desktop/movies/node_modules/express/lib/router/route.js:145:7)
    at next (/Users/lerka/Desktop/movies/node_modules/express/lib/router/route.js:145:7)
    at next (/Users/lerka/Desktop/movies/node_modules/express/lib/router/route.js:145:7)
    at Route.dispatch (/Users/lerka/Desktop/movies/node_modules/express/lib/router/route.js:119:3)
2024-04-17 20:02:18 error: uuidv4 is not defined
ReferenceError: uuidv4 is not defined
    at file:///Users/lerka/Desktop/movies/app.js:13:3
    at Layer.handle [as handle_request] (/Users/lerka/Desktop/movies/node_modules/express/lib/router/layer.js:95:5)
    at next (/Users/lerka/Desktop/movies/node_modules/express/lib/router/route.js:149:13)
    at next (/Users/lerka/Desktop/movies/node_modules/express/lib/router/route.js:145:7)
    at next (/Users/lerka/Desktop/movies/node_modules/express/lib/router/route.js:145:7)
    at next (/Users/lerka/Desktop/movies/node_modules/express/lib/router/route.js:145:7)
    at next (/Users/lerka/Desktop/movies/node_modules/express/lib/router/route.js:145:7)
    at next (/Users/lerka/Desktop/movies/node_modules/express/lib/router/route.js:145:7)
    at next (/Users/lerka/Desktop/movies/node_modules/express/lib/router/route.js:145:7)
    at Route.dispatch (/Users/lerka/Desktop/movies/node_modules/express/lib/router/route.js:119:3)
2024-04-17 20:02:51 info: Connected to the database
2024-04-17 20:02:51 info: Movies api listening at http://localhost:3000
2024-04-17 20:03:34 info: Connected to the database
2024-04-17 20:03:34 info: Movies api listening at http://localhost:3000
2024-04-17 20:03:51 info: Connected to the database
2024-04-17 20:03:51 info: Movies api listening at http://localhost:3000
2024-04-17 20:03:57 info: Connected to the database
2024-04-17 20:03:57 info: Movies api listening at http://localhost:3000
2024-04-17 20:04:42 info: Connected to the database
2024-04-17 20:04:42 info: Movies api listening at http://localhost:3000
2024-04-17 20:04:51 info: Connected to the database
2024-04-17 20:04:51 info: Movies api listening at http://localhost:3000
2024-04-17 20:11:22 info: Connected to the database
2024-04-17 20:11:22 info: Movies api listening at http://localhost:3000
2024-04-17 20:17:21 info: Connected to the database
2024-04-17 20:17:21 info: Movies api listening at http://localhost:3000
2024-04-17 20:19:10 info: Connected to the database
2024-04-17 20:19:10 info: Movies api listening at http://localhost:3000
2024-04-17 20:19:32 info: Connected to the database
2024-04-17 20:19:32 info: Movies api listening at http://localhost:3000
2024-04-17 20:20:23 info: Connected to the database
2024-04-17 20:20:23 info: Movies api listening at http://localhost:3000
2024-04-17 20:20:29 info: Connected to the database
2024-04-17 20:20:29 info: Movies api listening at http://localhost:3000
2024-04-17 20:20:34 info: Connected to the database
2024-04-17 20:20:34 info: Movies api listening at http://localhost:3000
2024-04-17 20:32:37 info: Connected to the database
2024-04-17 20:32:37 info: Movies api listening at http://localhost:3000
2024-04-17 20:33:07 info: Connected to the database
2024-04-17 20:33:07 info: Movies api listening at http://localhost:3000
2024-04-17 20:33:32 info: Connected to the database
2024-04-17 20:33:32 info: Movies api listening at http://localhost:3000
