2024-04-17 20:02:03 error: uuidv4 is not defined
ReferenceError: uuidv4 is not defined
    at file:///Users/lerka/Desktop/movies/app.js:13:3
    at Layer.handle [as handle_request] (/Users/lerka/Desktop/movies/node_modules/express/lib/router/layer.js:95:5)
    at next (/Users/lerka/Desktop/movies/node_modules/express/lib/router/route.js:149:13)
    at next (/Users/lerka/Desktop/movies/node_modules/express/lib/router/route.js:145:7)
    at next (/Users/lerka/Desktop/movies/node_modules/express/lib/router/route.js:145:7)
    at next (/Users/lerka/Desktop/movies/node_modules/express/lib/router/route.js:145:7)
    at next (/Users/lerka/Desktop/movies/node_modules/express/lib/router/route.js:145:7)
    at next (/Users/lerka/Desktop/movies/node_modules/express/lib/router/route.js:145:7)
    at next (/Users/lerka/Desktop/movies/node_modules/express/lib/router/route.js:145:7)
    at Route.dispatch (/Users/lerka/Desktop/movies/node_modules/express/lib/router/route.js:119:3)
2024-04-17 20:02:04 error: uuidv4 is not defined
ReferenceError: uuidv4 is not defined
    at file:///Users/lerka/Desktop/movies/app.js:13:3
    at Layer.handle [as handle_request] (/Users/lerka/Desktop/movies/node_modules/express/lib/router/layer.js:95:5)
    at next (/Users/lerka/Desktop/movies/node_modules/express/lib/router/route.js:149:13)
    at next (/Users/lerka/Desktop/movies/node_modules/express/lib/router/route.js:145:7)
    at next (/Users/lerka/Desktop/movies/node_modules/express/lib/router/route.js:145:7)
    at next (/Users/lerka/Desktop/movies/node_modules/express/lib/router/route.js:145:7)
    at next (/Users/lerka/Desktop/movies/node_modules/express/lib/router/route.js:145:7)
    at next (/Users/lerka/Desktop/movies/node_modules/express/lib/router/route.js:145:7)
    at next (/Users/lerka/Desktop/movies/node_modules/express/lib/router/route.js:145:7)
    at Route.dispatch (/Users/lerka/Desktop/movies/node_modules/express/lib/router/route.js:119:3)
2024-04-17 20:02:18 error: uuidv4 is not defined
ReferenceError: uuidv4 is not defined
    at file:///Users/lerka/Desktop/movies/app.js:13:3
    at Layer.handle [as handle_request] (/Users/lerka/Desktop/movies/node_modules/express/lib/router/layer.js:95:5)
    at next (/Users/lerka/Desktop/movies/node_modules/express/lib/router/route.js:149:13)
    at next (/Users/lerka/Desktop/movies/node_modules/express/lib/router/route.js:145:7)
    at next (/Users/lerka/Desktop/movies/node_modules/express/lib/router/route.js:145:7)
    at next (/Users/lerka/Desktop/movies/node_modules/express/lib/router/route.js:145:7)
    at next (/Users/lerka/Desktop/movies/node_modules/express/lib/router/route.js:145:7)
    at next (/Users/lerka/Desktop/movies/node_modules/express/lib/router/route.js:145:7)
    at next (/Users/lerka/Desktop/movies/node_modules/express/lib/router/route.js:145:7)
    at Route.dispatch (/Users/lerka/Desktop/movies/node_modules/express/lib/router/route.js:119:3)
